#
# There is insufficient memory for the Java Runtime Environment to continue.
# Native memory allocation (mmap) failed to map 152043520 bytes for committing reserved memory.
# Possible reasons:
#   The system is out of physical RAM or swap space
#   In 32 bit mode, the process size limit was hit
# Possible solutions:
#   Reduce memory load on the system
#   Increase physical memory or swap space
#   Check if swap backing store is full
#   Use 64 bit Java on a 64 bit OS
#   Decrease Java heap size (-Xmx/-Xms)
#   Decrease number of Java threads
#   Decrease Java thread stack sizes (-Xss)
#   Set larger code cache with -XX:ReservedCodeCacheSize=
# This output file may be truncated or incomplete.
#
#  Out of Memory Error (os_linux.cpp:2627), pid=30416, tid=0x00007f46b7cfc700
#
# JRE version: Java(TM) SE Runtime Environment (8.0_111-b14) (build 1.8.0_111-b14)
# Java VM: Java HotSpot(TM) 64-Bit Server VM (25.111-b14 mixed mode linux-amd64 compressed oops)
# Failed to write core dump. Core dumps have been disabled. To enable core dumping, try "ulimit -c unlimited" before starting Java again
#

---------------  T H R E A D  ---------------

Current thread (0x00007f46dc078000):  VMThread [stack: 0x00007f46b7bfc000,0x00007f46b7cfd000] [id=30428]

Stack: [0x00007f46b7bfc000,0x00007f46b7cfd000],  sp=0x00007f46b7cfb120,  free space=1020k
Native frames: (J=compiled Java code, j=interpreted, Vv=VM code, C=native code)
V  [libjvm.so+0xac5c2a]  VMError::report_and_die()+0x2ba
V  [libjvm.so+0x4fc50b]  report_vm_out_of_memory(char const*, int, unsigned long, VMErrorType, char const*)+0x8b
V  [libjvm.so+0x922ae3]  os::Linux::commit_memory_impl(char*, unsigned long, bool)+0x103
V  [libjvm.so+0x923039]  os::pd_commit_memory(char*, unsigned long, unsigned long, bool)+0x29
V  [libjvm.so+0x91d33a]  os::commit_memory(char*, unsigned long, unsigned long, bool)+0x2a
V  [libjvm.so+0x991ac3]  PSVirtualSpace::expand_by(unsigned long)+0x53
V  [libjvm.so+0x992ec8]  PSYoungGen::resize_generation(unsigned long, unsigned long)+0xf8
V  [libjvm.so+0x992022]  PSYoungGen::resize(unsigned long, unsigned long)+0x22
V  [libjvm.so+0x98f2fb]  PSScavenge::invoke_no_policy()+0xf3b
V  [libjvm.so+0x98fa81]  PSScavenge::invoke()+0x41
V  [libjvm.so+0x9467d0]  ParallelScavengeHeap::failed_mem_allocate(unsigned long)+0x70
V  [libjvm.so+0xac7647]  VM_ParallelGCFailedAllocation::doit()+0x97
V  [libjvm.so+0xacf125]  VM_Operation::evaluate()+0x55
V  [libjvm.so+0xacd4fa]  VMThread::evaluate_operation(VM_Operation*)+0xba
V  [libjvm.so+0xacd87e]  VMThread::loop()+0x1ce
V  [libjvm.so+0xacdcf0]  VMThread::run()+0x70
V  [libjvm.so+0x924ea8]  java_start(Thread*)+0x108

VM_Operation (0x00007f46e46697c0): ParallelGCFailedAllocation, mode: safepoint, requested by thread 0x00007f46dc00a000


---------------  P R O C E S S  ---------------

Java Threads: ( => current thread )
  0x00007f467c00a000 JavaThread "Exec Stream Pumper" daemon [_thread_in_native, id=31369, stack(0x00007f46b405f000,0x00007f46b4160000)]
  0x00007f467c008800 JavaThread "Exec Stream Pumper" daemon [_thread_in_native, id=31368, stack(0x00007f46b4160000,0x00007f46b4261000)]
  0x00007f467c006800 JavaThread "process reaper" daemon [_thread_in_native, id=31367, stack(0x00007f46b4261000,0x00007f46b429a000)]
  0x00007f46dc21f800 JavaThread "Exec Default Executor" daemon [_thread_blocked, id=31365, stack(0x00007f46b429a000,0x00007f46b439b000)]
  0x00007f466c00a000 JavaThread "Exec Stream Pumper" daemon [_thread_in_native, id=31233, stack(0x00007f46b439b000,0x00007f46b449c000)]
  0x00007f466c008800 JavaThread "Exec Stream Pumper" daemon [_thread_in_native, id=31232, stack(0x00007f46b449c000,0x00007f46b459d000)]
  0x00007f466c006800 JavaThread "process reaper" daemon [_thread_in_native, id=31231, stack(0x00007f46b459d000,0x00007f46b45d6000)]
  0x00007f46dc1f4000 JavaThread "Exec Default Executor" daemon [_thread_blocked, id=31229, stack(0x00007f46b45d6000,0x00007f46b46d7000)]
  0x00007f465c00f800 JavaThread "Exec Stream Pumper" daemon [_thread_in_native, id=31096, stack(0x00007f46b46d7000,0x00007f46b47d8000)]
  0x00007f465c00e000 JavaThread "Exec Stream Pumper" daemon [_thread_in_native, id=31095, stack(0x00007f46b47d8000,0x00007f46b48d9000)]
  0x00007f465c00c000 JavaThread "process reaper" daemon [_thread_in_native, id=31094, stack(0x00007f46b48d9000,0x00007f46b4912000)]
  0x00007f46dc359000 JavaThread "Exec Default Executor" daemon [_thread_blocked, id=31092, stack(0x00007f46b4912000,0x00007f46b4a13000)]
  0x0000000000c4e000 JavaThread "Exec Stream Pumper" daemon [_thread_in_native, id=30962, stack(0x00007f46b4a13000,0x00007f46b4b14000)]
  0x0000000000c4c800 JavaThread "Exec Stream Pumper" daemon [_thread_in_native, id=30961, stack(0x00007f46b4b14000,0x00007f46b4c15000)]
  0x0000000000c4b000 JavaThread "process reaper" daemon [_thread_in_native, id=30960, stack(0x00007f46bc009000,0x00007f46bc042000)]
  0x00007f46dc1f9000 JavaThread "Exec Default Executor" daemon [_thread_blocked, id=30958, stack(0x00007f46b4c15000,0x00007f46b4d16000)]
  0x00007f465c004800 JavaThread "Exec Stream Pumper" daemon [_thread_in_native, id=30832, stack(0x00007f46b4f16000,0x00007f46b5017000)]
  0x00007f465c003000 JavaThread "Exec Stream Pumper" daemon [_thread_in_native, id=30831, stack(0x00007f46b5017000,0x00007f46b5118000)]
  0x00007f465c001000 JavaThread "process reaper" daemon [_thread_in_native, id=30830, stack(0x00007f46bc042000,0x00007f46bc07b000)]
  0x00007f46dc36b000 JavaThread "Exec Default Executor" daemon [_thread_blocked, id=30828, stack(0x00007f46b5118000,0x00007f46b5219000)]
  0x00007f466c004800 JavaThread "Exec Stream Pumper" daemon [_thread_in_native, id=30701, stack(0x00007f46b5219000,0x00007f46b531a000)]
  0x00007f466c003000 JavaThread "Exec Stream Pumper" daemon [_thread_in_native, id=30700, stack(0x00007f46b531a000,0x00007f46b541b000)]
  0x00007f466c001000 JavaThread "process reaper" daemon [_thread_in_native, id=30699, stack(0x00007f46bc07b000,0x00007f46bc0b4000)]
  0x00007f46dc36a800 JavaThread "Exec Default Executor" daemon [_thread_blocked, id=30697, stack(0x00007f46b541b000,0x00007f46b551c000)]
  0x00007f467c004800 JavaThread "Exec Stream Pumper" daemon [_thread_in_native, id=30573, stack(0x00007f46b551c000,0x00007f46b561d000)]
  0x00007f467c003000 JavaThread "Exec Stream Pumper" daemon [_thread_in_native, id=30572, stack(0x00007f46b561d000,0x00007f46b571e000)]
  0x00007f467c001000 JavaThread "process reaper" daemon [_thread_in_native, id=30571, stack(0x00007f46bc0b4000,0x00007f46bc0ed000)]
  0x00007f46dc1fa000 JavaThread "Exec Default Executor" daemon [_thread_blocked, id=30569, stack(0x00007f46b571e000,0x00007f46b581f000)]
  0x00007f468c00e000 JavaThread "Exec Stream Pumper" daemon [_thread_in_native, id=30442, stack(0x00007f46b5a1f000,0x00007f46b5b20000)]
  0x00007f468c00d000 JavaThread "Exec Stream Pumper" daemon [_thread_in_native, id=30441, stack(0x00007f46b5b20000,0x00007f46b5c21000)]
  0x00007f468c008800 JavaThread "process reaper" daemon [_thread_in_native, id=30440, stack(0x00007f46cc052000,0x00007f46cc08b000)]
  0x00007f46dc51d000 JavaThread "Exec Default Executor" daemon [_thread_blocked, id=30438, stack(0x00007f46b5c21000,0x00007f46b5d22000)]
  0x00007f46dc142800 JavaThread "ReaderThread" [_thread_in_native, id=30437, stack(0x00007f46b6990000,0x00007f46b6a91000)]
  0x00007f46dc0c0800 JavaThread "Service Thread" daemon [_thread_blocked, id=30435, stack(0x00007f46b721d000,0x00007f46b731e000)]
  0x00007f46dc0bd800 JavaThread "C1 CompilerThread2" daemon [_thread_blocked, id=30434, stack(0x00007f46b731e000,0x00007f46b741f000)]
  0x00007f46dc0bc000 JavaThread "C2 CompilerThread1" daemon [_thread_blocked, id=30433, stack(0x00007f46b741f000,0x00007f46b7520000)]
  0x00007f46dc0b9000 JavaThread "C2 CompilerThread0" daemon [_thread_blocked, id=30432, stack(0x00007f46b7520000,0x00007f46b7621000)]
  0x00007f46dc0b7800 JavaThread "Signal Dispatcher" daemon [_thread_blocked, id=30431, stack(0x00007f46b7621000,0x00007f46b7722000)]
  0x00007f46dc084000 JavaThread "Finalizer" daemon [_thread_blocked, id=30430, stack(0x00007f46b79fa000,0x00007f46b7afb000)]
  0x00007f46dc07f800 JavaThread "Reference Handler" daemon [_thread_blocked, id=30429, stack(0x00007f46b7afb000,0x00007f46b7bfc000)]
  0x00007f46dc00a000 JavaThread "Forwarding isElementDisplayed on session ce549297-0c3f-440e-b2d5-ded32a8acb8d to remote" [_thread_blocked, id=30423, stack(0x00007f46e456c000,0x00007f46e466d000)]

Other Threads:
=>0x00007f46dc078000 VMThread [stack: 0x00007f46b7bfc000,0x00007f46b7cfd000] [id=30428]
  0x00007f46dc0c3800 WatcherThread [stack: 0x00007f46b711c000,0x00007f46b721d000] [id=30436]

VM state:at safepoint (normal execution)

VM Mutex/Monitor currently owned by a thread:  ([mutex/lock_event])
[0x00007f46dc006430] Threads_lock - owner thread: 0x00007f46dc078000
[0x00007f46dc006930] Heap_lock - owner thread: 0x00007f46dc00a000

Heap:
 PSYoungGen      total 261120K, used 1815K [0x00000000d7f80000, 0x00000000e8b80000, 0x0000000100000000)
  eden space 248320K, 0% used [0x00000000d7f80000,0x00000000d7f80000,0x00000000e7200000)
  from space 12800K, 14% used [0x00000000e7200000,0x00000000e73c5c50,0x00000000e7e80000)
  to   space 12288K, 0% used [0x00000000e7e80000,0x00000000e7e80000,0x00000000e8a80000)
 ParOldGen       total 83456K, used 47519K [0x0000000087e00000, 0x000000008cf80000, 0x00000000d7f80000)
  object space 83456K, 56% used [0x0000000087e00000,0x000000008ac67f20,0x000000008cf80000)
 Metaspace       used 18537K, capacity 18936K, committed 19328K, reserved 1067008K
  class space    used 2218K, capacity 2323K, committed 2432K, reserved 1048576K

Card table byte_map: [0x00007f46e0f52000,0x00007f46e1314000] byte_map_base: 0x00007f46e0b13000

Marking Bits: (ParMarkBitMap*) 0x00007f46e3a3d220
 Begin Bits: [0x00007f46bc3f0000, 0x00007f46be1f8000)
 End Bits:   [0x00007f46be1f8000, 0x00007f46c0000000)

Polling page: 0x00007f46e468d000

CodeCache: size=245760Kb used=7761Kb max_used=7946Kb free=237998Kb
 bounds [0x00007f46cd000000, 0x00007f46cd7d0000, 0x00007f46dc000000]
 total_blobs=2912 nmethods=2509 adapters=316
 compilation: enabled

Compilation events (10 events):
Event: 63.532 Thread 0x00007f46dc0bd800 nmethod 2785 0x00007f46cd110090 code [0x00007f46cd110220, 0x00007f46cd110590]
Event: 63.532 Thread 0x00007f46dc0bd800 2786       1       java.util.Calendar::getZone (5 bytes)
Event: 63.532 Thread 0x00007f46dc0bd800 nmethod 2786 0x00007f46cd131550 code [0x00007f46cd1316a0, 0x00007f46cd1317b0]
Event: 63.859 Thread 0x00007f46dc0b9000 2788       4       com.google.common.base.AbstractIterator::hasNext (65 bytes)
Event: 63.859 Thread 0x00007f46dc0bd800 2787       3       org.openqa.selenium.remote.http.AbstractHttpCommandCodec::get (13 bytes)
Event: 63.867 Thread 0x00007f46dc0bd800 nmethod 2787 0x00007f46cd11cd10 code [0x00007f46cd11ce80, 0x00007f46cd11d0a8]
Event: 63.876 Thread 0x00007f46dc0bd800 2789       3       java.lang.Thread::getContextClassLoader (32 bytes)
Event: 63.878 Thread 0x00007f46dc0bd800 nmethod 2789 0x00007f46cd280b50 code [0x00007f46cd280d40, 0x00007f46cd281618]
Event: 63.931 Thread 0x00007f46dc0b9000 nmethod 2788 0x00007f46cd117a50 code [0x00007f46cd117c40, 0x00007f46cd118758]
Event: 66.769 Thread 0x00007f46dc0bd800 2790       3       java.util.stream.FindOps$FindOp::getOpFlags (19 bytes)

GC Heap History (10 events):
Event: 3.945 GC heap after
Heap after GC invocations=4 (full 0):
 PSYoungGen      total 67584K, used 1632K [0x00000000d7f80000, 0x00000000dc680000, 0x0000000100000000)
  eden space 62464K, 0% used [0x00000000d7f80000,0x00000000d7f80000,0x00000000dbc80000)
  from space 5120K, 31% used [0x00000000dc180000,0x00000000dc318030,0x00000000dc680000)
  to   space 5120K, 0% used [0x00000000dbc80000,0x00000000dbc80000,0x00000000dc180000)
 ParOldGen       total 83456K, used 30211K [0x0000000087e00000, 0x000000008cf80000, 0x00000000d7f80000)
  object space 83456K, 36% used [0x0000000087e00000,0x0000000089b80f40,0x000000008cf80000)
 Metaspace       used 16719K, capacity 17026K, committed 17408K, reserved 1064960K
  class space    used 2056K, capacity 2190K, committed 2304K, reserved 1048576K
}
Event: 12.166 GC heap before
{Heap before GC invocations=5 (full 0):
 PSYoungGen      total 67584K, used 61572K [0x00000000d7f80000, 0x00000000dc680000, 0x0000000100000000)
  eden space 62464K, 95% used [0x00000000d7f80000,0x00000000dba092d0,0x00000000dbc80000)
  from space 5120K, 31% used [0x00000000dc180000,0x00000000dc318030,0x00000000dc680000)
  to   space 5120K, 0% used [0x00000000dbc80000,0x00000000dbc80000,0x00000000dc180000)
 ParOldGen       total 83456K, used 30211K [0x0000000087e00000, 0x000000008cf80000, 0x00000000d7f80000)
  object space 83456K, 36% used [0x0000000087e00000,0x0000000089b80f40,0x000000008cf80000)
 Metaspace       used 18112K, capacity 18462K, committed 18816K, reserved 1064960K
  class space    used 2217K, capacity 2322K, committed 2432K, reserved 1048576K
Event: 12.190 GC heap after
Heap after GC invocations=5 (full 0):
 PSYoungGen      total 67584K, used 5119K [0x00000000d7f80000, 0x00000000e0e80000, 0x0000000100000000)
  eden space 62464K, 0% used [0x00000000d7f80000,0x00000000d7f80000,0x00000000dbc80000)
  from space 5120K, 99% used [0x00000000dbc80000,0x00000000dc17ff28,0x00000000dc180000)
  to   space 10752K, 0% used [0x00000000e0400000,0x00000000e0400000,0x00000000e0e80000)
 ParOldGen       total 83456K, used 37971K [0x0000000087e00000, 0x000000008cf80000, 0x00000000d7f80000)
  object space 83456K, 45% used [0x0000000087e00000,0x000000008a314cb0,0x000000008cf80000)
 Metaspace       used 18112K, capacity 18462K, committed 18816K, reserved 1064960K
  class space    used 2217K, capacity 2322K, committed 2432K, reserved 1048576K
}
Event: 17.287 GC heap before
{Heap before GC invocations=6 (full 0):
 PSYoungGen      total 67584K, used 65630K [0x00000000d7f80000, 0x00000000e0e80000, 0x0000000100000000)
  eden space 62464K, 96% used [0x00000000d7f80000,0x00000000dba97970,0x00000000dbc80000)
  from space 5120K, 99% used [0x00000000dbc80000,0x00000000dc17ff28,0x00000000dc180000)
  to   space 10752K, 0% used [0x00000000e0400000,0x00000000e0400000,0x00000000e0e80000)
 ParOldGen       total 83456K, used 37971K [0x0000000087e00000, 0x000000008cf80000, 0x00000000d7f80000)
  object space 83456K, 45% used [0x0000000087e00000,0x000000008a314cb0,0x000000008cf80000)
 Metaspace       used 18226K, capacity 18534K, committed 18816K, reserved 1064960K
  class space    used 2217K, capacity 2322K, committed 2432K, reserved 1048576K
Event: 17.297 GC heap after
Heap after GC invocations=6 (full 0):
 PSYoungGen      total 135168K, used 7896K [0x00000000d7f80000, 0x00000000e0f80000, 0x0000000100000000)
  eden space 124416K, 0% used [0x00000000d7f80000,0x00000000d7f80000,0x00000000df900000)
  from space 10752K, 73% used [0x00000000e0400000,0x00000000e0bb6148,0x00000000e0e80000)
  to   space 11264K, 0% used [0x00000000df900000,0x00000000df900000,0x00000000e0400000)
 ParOldGen       total 83456K, used 37979K [0x0000000087e00000, 0x000000008cf80000, 0x00000000d7f80000)
  object space 83456K, 45% used [0x0000000087e00000,0x000000008a316cb0,0x000000008cf80000)
 Metaspace       used 18226K, capacity 18534K, committed 18816K, reserved 1064960K
  class space    used 2217K, capacity 2322K, committed 2432K, reserved 1048576K
}
Event: 24.233 GC heap before
{Heap before GC invocations=7 (full 0):
 PSYoungGen      total 135168K, used 126514K [0x00000000d7f80000, 0x00000000e0f80000, 0x0000000100000000)
  eden space 124416K, 95% used [0x00000000d7f80000,0x00000000df356930,0x00000000df900000)
  from space 10752K, 73% used [0x00000000e0400000,0x00000000e0bb6148,0x00000000e0e80000)
  to   space 11264K, 0% used [0x00000000df900000,0x00000000df900000,0x00000000e0400000)
 ParOldGen       total 83456K, used 37979K [0x0000000087e00000, 0x000000008cf80000, 0x00000000d7f80000)
  object space 83456K, 45% used [0x0000000087e00000,0x000000008a316cb0,0x000000008cf80000)
 Metaspace       used 18347K, capacity 18738K, committed 19072K, reserved 1067008K
  class space    used 2217K, capacity 2322K, committed 2432K, reserved 1048576K
Event: 24.264 GC heap after
Heap after GC invocations=7 (full 0):
 PSYoungGen      total 135680K, used 9729K [0x00000000d7f80000, 0x00000000e8a80000, 0x0000000100000000)
  eden space 124416K, 0% used [0x00000000d7f80000,0x00000000d7f80000,0x00000000df900000)
  from space 11264K, 86% used [0x00000000df900000,0x00000000e0280460,0x00000000e0400000)
  to   space 12288K, 0% used [0x00000000e7e80000,0x00000000e7e80000,0x00000000e8a80000)
 ParOldGen       total 83456K, used 46853K [0x0000000087e00000, 0x000000008cf80000, 0x00000000d7f80000)
  object space 83456K, 56% used [0x0000000087e00000,0x000000008abc1660,0x000000008cf80000)
 Metaspace       used 18347K, capacity 18738K, committed 19072K, reserved 1067008K
  class space    used 2217K, capacity 2322K, committed 2432K, reserved 1048576K
}
Event: 35.857 GC heap before
{Heap before GC invocations=8 (full 0):
 PSYoungGen      total 135680K, used 134145K [0x00000000d7f80000, 0x00000000e8a80000, 0x0000000100000000)
  eden space 124416K, 100% used [0x00000000d7f80000,0x00000000df900000,0x00000000df900000)
  from space 11264K, 86% used [0x00000000df900000,0x00000000e0280460,0x00000000e0400000)
  to   space 12288K, 0% used [0x00000000e7e80000,0x00000000e7e80000,0x00000000e8a80000)
 ParOldGen       total 83456K, used 46853K [0x0000000087e00000, 0x000000008cf80000, 0x00000000d7f80000)
  object space 83456K, 56% used [0x0000000087e00000,0x000000008abc1660,0x000000008cf80000)
 Metaspace       used 18437K, capacity 18802K, committed 19072K, reserved 1067008K
  class space    used 2217K, capacity 2322K, committed 2432K, reserved 1048576K
Event: 35.888 GC heap after
Heap after GC invocations=8 (full 0):
 PSYoungGen      total 260608K, used 1164K [0x00000000d7f80000, 0x00000000e8b80000, 0x0000000100000000)
  eden space 248320K, 0% used [0x00000000d7f80000,0x00000000d7f80000,0x00000000e7200000)
  from space 12288K, 9% used [0x00000000e7e80000,0x00000000e7fa3040,0x00000000e8a80000)
  to   space 12800K, 0% used [0x00000000e7200000,0x00000000e7200000,0x00000000e7e80000)
 ParOldGen       total 83456K, used 47239K [0x0000000087e00000, 0x000000008cf80000, 0x00000000d7f80000)
  object space 83456K, 56% used [0x0000000087e00000,0x000000008ac21ed0,0x000000008cf80000)
 Metaspace       used 18437K, capacity 18802K, committed 19072K, reserved 1067008K
  class space    used 2217K, capacity 2322K, committed 2432K, reserved 1048576K
}
Event: 66.782 GC heap before
{Heap before GC invocations=9 (full 0):
 PSYoungGen      total 260608K, used 249484K [0x00000000d7f80000, 0x00000000e8b80000, 0x0000000100000000)
  eden space 248320K, 100% used [0x00000000d7f80000,0x00000000e7200000,0x00000000e7200000)
  from space 12288K, 9% used [0x00000000e7e80000,0x00000000e7fa3040,0x00000000e8a80000)
  to   space 12800K, 0% used [0x00000000e7200000,0x00000000e7200000,0x00000000e7e80000)
 ParOldGen       total 83456K, used 47239K [0x0000000087e00000, 0x000000008cf80000, 0x00000000d7f80000)
  object space 83456K, 56% used [0x0000000087e00000,0x000000008ac21ed0,0x000000008cf80000)
 Metaspace       used 18537K, capacity 18936K, committed 19328K, reserved 1067008K
  class space    used 2218K, capacity 2323K, committed 2432K, reserved 1048576K

Deoptimization events (10 events):
Event: 7.237 Thread 0x00007f46dc00a000 Uncommon trap: reason=unstable_if action=reinterpret pc=0x00007f46cd2d186c method=java.lang.ThreadLocal$ThreadLocalMap.getEntry(Ljava/lang/ThreadLocal;)Ljava/lang/ThreadLocal$ThreadLocalMap$Entry; @ 29
Event: 7.237 Thread 0x00007f46dc00a000 Uncommon trap: reason=bimorphic action=maybe_recompile pc=0x00007f46cd3b967c method=java.io.InputStream.read([B)I @ 5
Event: 7.237 Thread 0x00007f46dc00a000 Uncommon trap: reason=bimorphic action=maybe_recompile pc=0x00007f46cd3b967c method=java.io.InputStream.read([B)I @ 5
Event: 7.500 Thread 0x00007f46dc00a000 Uncommon trap: reason=class_check action=maybe_recompile pc=0x00007f46cd4920d0 method=com.google.gson.stream.JsonWriter.string(Ljava/lang/String;)V @ 117
Event: 7.500 Thread 0x00007f46dc00a000 Uncommon trap: reason=class_check action=maybe_recompile pc=0x00007f46cd4920d0 method=com.google.gson.stream.JsonWriter.string(Ljava/lang/String;)V @ 117
Event: 7.500 Thread 0x00007f46dc00a000 Uncommon trap: reason=class_check action=maybe_recompile pc=0x00007f46cd4920d0 method=com.google.gson.stream.JsonWriter.string(Ljava/lang/String;)V @ 117
Event: 7.501 Thread 0x00007f46dc00a000 Uncommon trap: reason=class_check action=maybe_recompile pc=0x00007f46cd4920d0 method=com.google.gson.stream.JsonWriter.string(Ljava/lang/String;)V @ 117
Event: 7.600 Thread 0x00007f46dc00a000 Uncommon trap: reason=bimorphic action=maybe_recompile pc=0x00007f46cd505098 method=java.util.regex.Pattern$Start.match(Ljava/util/regex/Matcher;ILjava/lang/CharSequence;)Z @ 44
Event: 15.154 Thread 0x00007f46dc00a000 Uncommon trap: reason=bimorphic action=maybe_recompile pc=0x00007f46cd505098 method=java.util.regex.Pattern$Start.match(Ljava/util/regex/Matcher;ILjava/lang/CharSequence;)Z @ 44
Event: 16.447 Thread 0x00007f46dc00a000 Uncommon trap: reason=bimorphic action=maybe_recompile pc=0x00007f46cd505098 method=java.util.regex.Pattern$Start.match(Ljava/util/regex/Matcher;ILjava/lang/CharSequence;)Z @ 44

Internal exceptions (10 events):
Event: 56.257 Thread 0x00007f46dc00a000 Exception <a 'java/net/ConnectException'> (0x00000000e3202e70) thrown at [/HUDSON3/workspace/8-2-build-linux-amd64/jdk8u111/7883/hotspot/src/share/vm/prims/jni.cpp, line 709]
Event: 56.257 Thread 0x00007f46dc00a000 Exception <a 'java/net/ConnectException'> (0x00000000e3203978) thrown at [/HUDSON3/workspace/8-2-build-linux-amd64/jdk8u111/7883/hotspot/src/share/vm/prims/jni.cpp, line 709]
Event: 56.257 Thread 0x00007f46dc00a000 Exception <a 'java/net/ConnectException'> (0x00000000e3204480) thrown at [/HUDSON3/workspace/8-2-build-linux-amd64/jdk8u111/7883/hotspot/src/share/vm/prims/jni.cpp, line 709]
Event: 56.257 Thread 0x00007f46dc00a000 Exception <a 'java/net/ConnectException'> (0x00000000e3204f88) thrown at [/HUDSON3/workspace/8-2-build-linux-amd64/jdk8u111/7883/hotspot/src/share/vm/prims/jni.cpp, line 709]
Event: 56.257 Thread 0x00007f46dc00a000 Exception <a 'java/net/ConnectException'> (0x00000000e3205a90) thrown at [/HUDSON3/workspace/8-2-build-linux-amd64/jdk8u111/7883/hotspot/src/share/vm/prims/jni.cpp, line 709]
Event: 56.258 Thread 0x00007f46dc00a000 Exception <a 'java/net/ConnectException'> (0x00000000e3206598) thrown at [/HUDSON3/workspace/8-2-build-linux-amd64/jdk8u111/7883/hotspot/src/share/vm/prims/jni.cpp, line 709]
Event: 56.258 Thread 0x00007f46dc00a000 Exception <a 'java/net/ConnectException'> (0x00000000e32070a0) thrown at [/HUDSON3/workspace/8-2-build-linux-amd64/jdk8u111/7883/hotspot/src/share/vm/prims/jni.cpp, line 709]
Event: 56.258 Thread 0x00007f46dc00a000 Exception <a 'java/net/ConnectException'> (0x00000000e3207ba8) thrown at [/HUDSON3/workspace/8-2-build-linux-amd64/jdk8u111/7883/hotspot/src/share/vm/prims/jni.cpp, line 709]
Event: 56.258 Thread 0x00007f46dc00a000 Exception <a 'java/net/ConnectException'> (0x00000000e32086b0) thrown at [/HUDSON3/workspace/8-2-build-linux-amd64/jdk8u111/7883/hotspot/src/share/vm/prims/jni.cpp, line 709]
Event: 56.258 Thread 0x00007f46dc00a000 Exception <a 'java/net/ConnectException'> (0x00000000e32091b8) thrown at [/HUDSON3/workspace/8-2-build-linux-amd64/jdk8u111/7883/hotspot/src/share/vm/prims/jni.cpp, line 709]

Events (10 events):
Event: 63.531 Thread 0x00007f46dc0bd800 flushing nmethod 0x00007f46cd10e5d0
Event: 63.531 Thread 0x00007f46dc0bd800 flushing nmethod 0x00007f46cd110090
Event: 63.531 Thread 0x00007f46dc0bd800 flushing nmethod 0x00007f46cd11cb50
Event: 63.532 Thread 0x00007f46dc0bd800 flushing nmethod 0x00007f46cd1bdad0
Event: 63.867 Thread 0x00007f46dc0bd800 flushing nmethod 0x00007f46cd2258d0
Event: 63.868 Thread 0x00007f46dc0bd800 flushing nmethod 0x00007f46cd280850
Event: 63.878 Thread 0x00007f46dc0bd800 flushing nmethod 0x00007f46cd29e190
Event: 63.932 Thread 0x00007f46dc0b9000 flushing nmethod 0x00007f46cd2d11d0
Event: 63.932 Thread 0x00007f46dc0b9000 flushing nmethod 0x00007f46cd2ee590
Event: 66.781 Executing VM operation: ParallelGCFailedAllocation


Dynamic libraries:
00400000-00401000 r-xp 00000000 fc:00 2366603                            /usr/lib/jvm/java-8-oracle/bin/java
00600000-00601000 rw-p 00000000 fc:00 2366603                            /usr/lib/jvm/java-8-oracle/bin/java
00c48000-00c69000 rw-p 00000000 00:00 0                                  [heap]
87e00000-8cf80000 rw-p 00000000 00:00 0 
8cf80000-d7f80000 ---p 00000000 00:00 0 
d7f80000-e8b80000 rw-p 00000000 00:00 0 
f1c80000-100000000 ---p 00000000 00:00 0 
100000000-100260000 rw-p 00000000 00:00 0 
100260000-140000000 ---p 00000000 00:00 0 
7f4648000000-7f4648021000 rw-p 00000000 00:00 0 
7f4648021000-7f464c000000 ---p 00000000 00:00 0 
7f4650000000-7f4650021000 rw-p 00000000 00:00 0 
7f4650021000-7f4654000000 ---p 00000000 00:00 0 
7f4654000000-7f4654021000 rw-p 00000000 00:00 0 
7f4654021000-7f4658000000 ---p 00000000 00:00 0 
7f4658000000-7f4658021000 rw-p 00000000 00:00 0 
7f4658021000-7f465c000000 ---p 00000000 00:00 0 
7f465c000000-7f465c021000 rw-p 00000000 00:00 0 
7f465c021000-7f4660000000 ---p 00000000 00:00 0 
7f4660000000-7f4660021000 rw-p 00000000 00:00 0 
7f4660021000-7f4664000000 ---p 00000000 00:00 0 
7f4664000000-7f4664021000 rw-p 00000000 00:00 0 
7f4664021000-7f4668000000 ---p 00000000 00:00 0 
7f4668000000-7f4668021000 rw-p 00000000 00:00 0 
7f4668021000-7f466c000000 ---p 00000000 00:00 0 
7f466c000000-7f466c021000 rw-p 00000000 00:00 0 
7f466c021000-7f4670000000 ---p 00000000 00:00 0 
7f4670000000-7f4670021000 rw-p 00000000 00:00 0 
7f4670021000-7f4674000000 ---p 00000000 00:00 0 
7f4674000000-7f4674021000 rw-p 00000000 00:00 0 
7f4674021000-7f4678000000 ---p 00000000 00:00 0 
7f4678000000-7f4678021000 rw-p 00000000 00:00 0 
7f4678021000-7f467c000000 ---p 00000000 00:00 0 
7f467c000000-7f467c021000 rw-p 00000000 00:00 0 
7f467c021000-7f4680000000 ---p 00000000 00:00 0 
7f4680000000-7f4680021000 rw-p 00000000 00:00 0 
7f4680021000-7f4684000000 ---p 00000000 00:00 0 
7f4684000000-7f4684021000 rw-p 00000000 00:00 0 
7f4684021000-7f4688000000 ---p 00000000 00:00 0 
7f4688000000-7f4688021000 rw-p 00000000 00:00 0 
7f4688021000-7f468c000000 ---p 00000000 00:00 0 
7f468c000000-7f468c021000 rw-p 00000000 00:00 0 
7f468c021000-7f4690000000 ---p 00000000 00:00 0 
7f4690000000-7f4690021000 rw-p 00000000 00:00 0 
7f4690021000-7f4694000000 ---p 00000000 00:00 0 
7f4694000000-7f4694021000 rw-p 00000000 00:00 0 
7f4694021000-7f4698000000 ---p 00000000 00:00 0 
7f4698000000-7f46988ee000 rw-p 00000000 00:00 0 
7f46988ee000-7f469c000000 ---p 00000000 00:00 0 
7f469c000000-7f469c852000 rw-p 00000000 00:00 0 
7f469c852000-7f46a0000000 ---p 00000000 00:00 0 
7f46a0000000-7f46a0021000 rw-p 00000000 00:00 0 
7f46a0021000-7f46a4000000 ---p 00000000 00:00 0 
7f46a4000000-7f46a4662000 rw-p 00000000 00:00 0 
7f46a4662000-7f46a8000000 ---p 00000000 00:00 0 
7f46a8000000-7f46a8021000 rw-p 00000000 00:00 0 
7f46a8021000-7f46ac000000 ---p 00000000 00:00 0 
7f46ac000000-7f46ac021000 rw-p 00000000 00:00 0 
7f46ac021000-7f46b0000000 ---p 00000000 00:00 0 
7f46b0000000-7f46b028d000 rw-p 00000000 00:00 0 
7f46b028d000-7f46b4000000 ---p 00000000 00:00 0 
7f46b405f000-7f46b4062000 ---p 00000000 00:00 0 
7f46b4062000-7f46b4160000 rw-p 00000000 00:00 0 
7f46b4160000-7f46b4163000 ---p 00000000 00:00 0 
7f46b4163000-7f46b4261000 rw-p 00000000 00:00 0 
7f46b4261000-7f46b4264000 ---p 00000000 00:00 0 
7f46b4264000-7f46b429a000 rw-p 00000000 00:00 0 
7f46b429a000-7f46b429d000 ---p 00000000 00:00 0 
7f46b429d000-7f46b439b000 rw-p 00000000 00:00 0 
7f46b439b000-7f46b439e000 ---p 00000000 00:00 0 
7f46b439e000-7f46b449c000 rw-p 00000000 00:00 0 
7f46b449c000-7f46b449f000 ---p 00000000 00:00 0 
7f46b449f000-7f46b459d000 rw-p 00000000 00:00 0 
7f46b459d000-7f46b45a0000 ---p 00000000 00:00 0 
7f46b45a0000-7f46b45d6000 rw-p 00000000 00:00 0 
7f46b45d6000-7f46b45d9000 ---p 00000000 00:00 0 
7f46b45d9000-7f46b46d7000 rw-p 00000000 00:00 0 
7f46b46d7000-7f46b46da000 ---p 00000000 00:00 0 
7f46b46da000-7f46b47d8000 rw-p 00000000 00:00 0 
7f46b47d8000-7f46b47db000 ---p 00000000 00:00 0 
7f46b47db000-7f46b48d9000 rw-p 00000000 00:00 0 
7f46b48d9000-7f46b48dc000 ---p 00000000 00:00 0 
7f46b48dc000-7f46b4912000 rw-p 00000000 00:00 0 
7f46b4912000-7f46b4915000 ---p 00000000 00:00 0 
7f46b4915000-7f46b4a13000 rw-p 00000000 00:00 0 
7f46b4a13000-7f46b4a16000 ---p 00000000 00:00 0 
7f46b4a16000-7f46b4b14000 rw-p 00000000 00:00 0 
7f46b4b14000-7f46b4b17000 ---p 00000000 00:00 0 
7f46b4b17000-7f46b4c15000 rw-p 00000000 00:00 0 
7f46b4c15000-7f46b4c18000 ---p 00000000 00:00 0 
7f46b4c18000-7f46b4d96000 rw-p 00000000 00:00 0 
7f46b4d96000-7f46b4f16000 ---p 00000000 00:00 0 
7f46b4f16000-7f46b4f19000 ---p 00000000 00:00 0 
7f46b4f19000-7f46b5017000 rw-p 00000000 00:00 0 
7f46b5017000-7f46b501a000 ---p 00000000 00:00 0 
7f46b501a000-7f46b5118000 rw-p 00000000 00:00 0 
7f46b5118000-7f46b511b000 ---p 00000000 00:00 0 
7f46b511b000-7f46b5219000 rw-p 00000000 00:00 0 
7f46b5219000-7f46b521c000 ---p 00000000 00:00 0 
7f46b521c000-7f46b531a000 rw-p 00000000 00:00 0 
7f46b531a000-7f46b531d000 ---p 00000000 00:00 0 
7f46b531d000-7f46b541b000 rw-p 00000000 00:00 0 
7f46b541b000-7f46b541e000 ---p 00000000 00:00 0 
7f46b541e000-7f46b551c000 rw-p 00000000 00:00 0 
7f46b551c000-7f46b551f000 ---p 00000000 00:00 0 
7f46b551f000-7f46b561d000 rw-p 00000000 00:00 0 
7f46b561d000-7f46b5620000 ---p 00000000 00:00 0 
7f46b5620000-7f46b571e000 rw-p 00000000 00:00 0 
7f46b571e000-7f46b5721000 ---p 00000000 00:00 0 
7f46b5721000-7f46b5a1f000 rw-p 00000000 00:00 0 
7f46b5a1f000-7f46b5a22000 ---p 00000000 00:00 0 
7f46b5a22000-7f46b5b20000 rw-p 00000000 00:00 0 
7f46b5b20000-7f46b5b23000 ---p 00000000 00:00 0 
7f46b5b23000-7f46b5c21000 rw-p 00000000 00:00 0 
7f46b5c21000-7f46b5c24000 ---p 00000000 00:00 0 
7f46b5c24000-7f46b5f22000 rw-p 00000000 00:00 0 
7f46b5f22000-7f46b5f38000 r-xp 00000000 fc:00 3150066                    /lib/x86_64-linux-gnu/libgcc_s.so.1
7f46b5f38000-7f46b6137000 ---p 00016000 fc:00 3150066                    /lib/x86_64-linux-gnu/libgcc_s.so.1
7f46b6137000-7f46b6138000 rw-p 00015000 fc:00 3150066                    /lib/x86_64-linux-gnu/libgcc_s.so.1
7f46b6138000-7f46b616a000 r-xp 00000000 fc:00 2495365                    /usr/lib/jvm/java-8-oracle/jre/lib/amd64/libsunec.so
7f46b616a000-7f46b6369000 ---p 00032000 fc:00 2495365                    /usr/lib/jvm/java-8-oracle/jre/lib/amd64/libsunec.so
7f46b6369000-7f46b636f000 rw-p 00031000 fc:00 2495365                    /usr/lib/jvm/java-8-oracle/jre/lib/amd64/libsunec.so
7f46b636f000-7f46b657f000 rw-p 00000000 00:00 0 
7f46b657f000-7f46b6590000 r-xp 00000000 fc:00 2495382                    /usr/lib/jvm/java-8-oracle/jre/lib/amd64/libnio.so
7f46b6590000-7f46b678f000 ---p 00011000 fc:00 2495382                    /usr/lib/jvm/java-8-oracle/jre/lib/amd64/libnio.so
7f46b678f000-7f46b6790000 rw-p 00010000 fc:00 2495382                    /usr/lib/jvm/java-8-oracle/jre/lib/amd64/libnio.so
7f46b6790000-7f46b6990000 rw-p 00000000 00:00 0 
7f46b6990000-7f46b6993000 ---p 00000000 00:00 0 
7f46b6993000-7f46b6d92000 rw-p 00000000 00:00 0 
7f46b6d92000-7f46b6da8000 r-xp 00000000 fc:00 2495357                    /usr/lib/jvm/java-8-oracle/jre/lib/amd64/libnet.so
7f46b6da8000-7f46b6fa8000 ---p 00016000 fc:00 2495357                    /usr/lib/jvm/java-8-oracle/jre/lib/amd64/libnet.so
7f46b6fa8000-7f46b6fa9000 rw-p 00016000 fc:00 2495357                    /usr/lib/jvm/java-8-oracle/jre/lib/amd64/libnet.so
7f46b6fa9000-7f46b711c000 r--s 015ff000 fc:00 13108809                   /home/jan/janunit/selenium-server-standalone-3.6.0.jar
7f46b711c000-7f46b711d000 ---p 00000000 00:00 0 
7f46b711d000-7f46b721d000 rw-p 00000000 00:00 0 
7f46b721d000-7f46b7220000 ---p 00000000 00:00 0 
7f46b7220000-7f46b731e000 rw-p 00000000 00:00 0 
7f46b731e000-7f46b7321000 ---p 00000000 00:00 0 
7f46b7321000-7f46b741f000 rw-p 00000000 00:00 0 
7f46b741f000-7f46b7422000 ---p 00000000 00:00 0 
7f46b7422000-7f46b7520000 rw-p 00000000 00:00 0 
7f46b7520000-7f46b7523000 ---p 00000000 00:00 0 
7f46b7523000-7f46b7621000 rw-p 00000000 00:00 0 
7f46b7621000-7f46b7624000 ---p 00000000 00:00 0 
7f46b7624000-7f46b7722000 rw-p 00000000 00:00 0 
7f46b7722000-7f46b79fa000 r--p 00000000 fc:00 394656                     /usr/lib/locale/locale-archive
7f46b79fa000-7f46b79fd000 ---p 00000000 00:00 0 
7f46b79fd000-7f46b7afb000 rw-p 00000000 00:00 0 
7f46b7afb000-7f46b7afe000 ---p 00000000 00:00 0 
7f46b7afe000-7f46b7bfc000 rw-p 00000000 00:00 0 
7f46b7bfc000-7f46b7bfd000 ---p 00000000 00:00 0 
7f46b7bfd000-7f46b8000000 rw-p 00000000 00:00 0 
7f46b8000000-7f46b8021000 rw-p 00000000 00:00 0 
7f46b8021000-7f46bc000000 ---p 00000000 00:00 0 
7f46bc009000-7f46bc00c000 ---p 00000000 00:00 0 
7f46bc00c000-7f46bc042000 rw-p 00000000 00:00 0 
7f46bc042000-7f46bc045000 ---p 00000000 00:00 0 
7f46bc045000-7f46bc07b000 rw-p 00000000 00:00 0 
7f46bc07b000-7f46bc07e000 ---p 00000000 00:00 0 
7f46bc07e000-7f46bc0b4000 rw-p 00000000 00:00 0 
7f46bc0b4000-7f46bc0b7000 ---p 00000000 00:00 0 
7f46bc0b7000-7f46c0000000 rw-p 00000000 00:00 0 
7f46c0000000-7f46c0021000 rw-p 00000000 00:00 0 
7f46c0021000-7f46c4000000 ---p 00000000 00:00 0 
7f46c4000000-7f46c4021000 rw-p 00000000 00:00 0 
7f46c4021000-7f46c8000000 ---p 00000000 00:00 0 
7f46c8000000-7f46c8021000 rw-p 00000000 00:00 0 
7f46c8021000-7f46cc000000 ---p 00000000 00:00 0 
7f46cc036000-7f46cc052000 r--s 00393000 fc:00 2495434                    /usr/lib/jvm/java-8-oracle/jre/lib/ext/cldrdata.jar
7f46cc052000-7f46cc055000 ---p 00000000 00:00 0 
7f46cc055000-7f46cc0c5000 rw-p 00000000 00:00 0 
7f46cc0c5000-7f46cc0d8000 r--s 00133000 fc:00 13108103                   /home/jan/janunit/jackson-databind-2.9.2.jar
7f46cc0d8000-7f46cd000000 rw-p 00000000 00:00 0 
7f46cd000000-7f46cd7d0000 rwxp 00000000 00:00 0 
7f46cd7d0000-7f46dc000000 ---p 00000000 00:00 0 
7f46dc000000-7f46dc7d9000 rw-p 00000000 00:00 0 
7f46dc7d9000-7f46e0000000 ---p 00000000 00:00 0 
7f46e0000000-7f46e000a000 r--s 00116000 fc:00 2495431                    /usr/lib/jvm/java-8-oracle/jre/lib/ext/localedata.jar
7f46e000a000-7f46e02be000 rw-p 00000000 00:00 0 
7f46e02be000-7f46e0496000 r--s 03d2a000 fc:00 2366632                    /usr/lib/jvm/java-8-oracle/jre/lib/rt.jar
7f46e0496000-7f46e08cd000 rw-p 00000000 00:00 0 
7f46e08cd000-7f46e08ce000 ---p 00000000 00:00 0 
7f46e08ce000-7f46e09ce000 rw-p 00000000 00:00 0 
7f46e09ce000-7f46e09cf000 ---p 00000000 00:00 0 
7f46e09cf000-7f46e0acf000 rw-p 00000000 00:00 0 
7f46e0acf000-7f46e0ad0000 ---p 00000000 00:00 0 
7f46e0ad0000-7f46e0bd0000 rw-p 00000000 00:00 0 
7f46e0bd0000-7f46e0bd1000 ---p 00000000 00:00 0 
7f46e0bd1000-7f46e0cfa000 rw-p 00000000 00:00 0 
7f46e0cfa000-7f46e0f52000 ---p 00000000 00:00 0 
7f46e0f52000-7f46e0f7b000 rw-p 00000000 00:00 0 
7f46e0f7b000-7f46e11d2000 ---p 00000000 00:00 0 
7f46e11d2000-7f46e1259000 rw-p 00000000 00:00 0 
7f46e1259000-7f46e1313000 ---p 00000000 00:00 0 
7f46e1313000-7f46e1334000 rw-p 00000000 00:00 0 
7f46e1334000-7f46e16d4000 ---p 00000000 00:00 0 
7f46e16d4000-7f46e16ee000 r-xp 00000000 fc:00 2495380                    /usr/lib/jvm/java-8-oracle/jre/lib/amd64/libzip.so
7f46e16ee000-7f46e18ee000 ---p 0001a000 fc:00 2495380                    /usr/lib/jvm/java-8-oracle/jre/lib/amd64/libzip.so
7f46e18ee000-7f46e18ef000 rw-p 0001a000 fc:00 2495380                    /usr/lib/jvm/java-8-oracle/jre/lib/amd64/libzip.so
7f46e18ef000-7f46e18fa000 r-xp 00000000 fc:00 3150206                    /lib/x86_64-linux-gnu/libnss_files-2.23.so
7f46e18fa000-7f46e1af9000 ---p 0000b000 fc:00 3150206                    /lib/x86_64-linux-gnu/libnss_files-2.23.so
7f46e1af9000-7f46e1afa000 r--p 0000a000 fc:00 3150206                    /lib/x86_64-linux-gnu/libnss_files-2.23.so
7f46e1afa000-7f46e1afb000 rw-p 0000b000 fc:00 3150206                    /lib/x86_64-linux-gnu/libnss_files-2.23.so
7f46e1afb000-7f46e1b01000 rw-p 00000000 00:00 0 
7f46e1b01000-7f46e1b0c000 r-xp 00000000 fc:00 3150218                    /lib/x86_64-linux-gnu/libnss_nis-2.23.so
7f46e1b0c000-7f46e1d0b000 ---p 0000b000 fc:00 3150218                    /lib/x86_64-linux-gnu/libnss_nis-2.23.so
7f46e1d0b000-7f46e1d0c000 r--p 0000a000 fc:00 3150218                    /lib/x86_64-linux-gnu/libnss_nis-2.23.so
7f46e1d0c000-7f46e1d0d000 rw-p 0000b000 fc:00 3150218                    /lib/x86_64-linux-gnu/libnss_nis-2.23.so
7f46e1d0d000-7f46e1d23000 r-xp 00000000 fc:00 3145743                    /lib/x86_64-linux-gnu/libnsl-2.23.so
7f46e1d23000-7f46e1f22000 ---p 00016000 fc:00 3145743                    /lib/x86_64-linux-gnu/libnsl-2.23.so
7f46e1f22000-7f46e1f23000 r--p 00015000 fc:00 3145743                    /lib/x86_64-linux-gnu/libnsl-2.23.so
7f46e1f23000-7f46e1f24000 rw-p 00016000 fc:00 3145743                    /lib/x86_64-linux-gnu/libnsl-2.23.so
7f46e1f24000-7f46e1f26000 rw-p 00000000 00:00 0 
7f46e1f26000-7f46e1f2e000 r-xp 00000000 fc:00 3150835                    /lib/x86_64-linux-gnu/libnss_compat-2.23.so
7f46e1f2e000-7f46e212d000 ---p 00008000 fc:00 3150835                    /lib/x86_64-linux-gnu/libnss_compat-2.23.so
7f46e212d000-7f46e212e000 r--p 00007000 fc:00 3150835                    /lib/x86_64-linux-gnu/libnss_compat-2.23.so
7f46e212e000-7f46e212f000 rw-p 00008000 fc:00 3150835                    /lib/x86_64-linux-gnu/libnss_compat-2.23.so
7f46e212f000-7f46e215a000 r-xp 00000000 fc:00 2495407                    /usr/lib/jvm/java-8-oracle/jre/lib/amd64/libjava.so
7f46e215a000-7f46e2359000 ---p 0002b000 fc:00 2495407                    /usr/lib/jvm/java-8-oracle/jre/lib/amd64/libjava.so
7f46e2359000-7f46e235b000 rw-p 0002a000 fc:00 2495407                    /usr/lib/jvm/java-8-oracle/jre/lib/amd64/libjava.so
7f46e235b000-7f46e2368000 r-xp 00000000 fc:00 2495358                    /usr/lib/jvm/java-8-oracle/jre/lib/amd64/libverify.so
7f46e2368000-7f46e2567000 ---p 0000d000 fc:00 2495358                    /usr/lib/jvm/java-8-oracle/jre/lib/amd64/libverify.so
7f46e2567000-7f46e2569000 rw-p 0000c000 fc:00 2495358                    /usr/lib/jvm/java-8-oracle/jre/lib/amd64/libverify.so
7f46e2569000-7f46e2570000 r-xp 00000000 fc:00 3150820                    /lib/x86_64-linux-gnu/librt-2.23.so
7f46e2570000-7f46e276f000 ---p 00007000 fc:00 3150820                    /lib/x86_64-linux-gnu/librt-2.23.so
7f46e276f000-7f46e2770000 r--p 00006000 fc:00 3150820                    /lib/x86_64-linux-gnu/librt-2.23.so
7f46e2770000-7f46e2771000 rw-p 00007000 fc:00 3150820                    /lib/x86_64-linux-gnu/librt-2.23.so
7f46e2771000-7f46e2879000 r-xp 00000000 fc:00 3150857                    /lib/x86_64-linux-gnu/libm-2.23.so
7f46e2879000-7f46e2a78000 ---p 00108000 fc:00 3150857                    /lib/x86_64-linux-gnu/libm-2.23.so
7f46e2a78000-7f46e2a79000 r--p 00107000 fc:00 3150857                    /lib/x86_64-linux-gnu/libm-2.23.so
7f46e2a79000-7f46e2a7a000 rw-p 00108000 fc:00 3150857                    /lib/x86_64-linux-gnu/libm-2.23.so
7f46e2a7a000-7f46e3747000 r-xp 00000000 fc:00 2495411                    /usr/lib/jvm/java-8-oracle/jre/lib/amd64/server/libjvm.so
7f46e3747000-7f46e3946000 ---p 00ccd000 fc:00 2495411                    /usr/lib/jvm/java-8-oracle/jre/lib/amd64/server/libjvm.so
7f46e3946000-7f46e3a1f000 rw-p 00ccc000 fc:00 2495411                    /usr/lib/jvm/java-8-oracle/jre/lib/amd64/server/libjvm.so
7f46e3a1f000-7f46e3a6a000 rw-p 00000000 00:00 0 
7f46e3a6a000-7f46e3c2a000 r-xp 00000000 fc:00 3150895                    /lib/x86_64-linux-gnu/libc-2.23.so
7f46e3c2a000-7f46e3e2a000 ---p 001c0000 fc:00 3150895                    /lib/x86_64-linux-gnu/libc-2.23.so
7f46e3e2a000-7f46e3e2e000 r--p 001c0000 fc:00 3150895                    /lib/x86_64-linux-gnu/libc-2.23.so
7f46e3e2e000-7f46e3e30000 rw-p 001c4000 fc:00 3150895                    /lib/x86_64-linux-gnu/libc-2.23.so
7f46e3e30000-7f46e3e34000 rw-p 00000000 00:00 0 
7f46e3e34000-7f46e3e37000 r-xp 00000000 fc:00 3150833                    /lib/x86_64-linux-gnu/libdl-2.23.so
7f46e3e37000-7f46e4036000 ---p 00003000 fc:00 3150833                    /lib/x86_64-linux-gnu/libdl-2.23.so
7f46e4036000-7f46e4037000 r--p 00002000 fc:00 3150833                    /lib/x86_64-linux-gnu/libdl-2.23.so
7f46e4037000-7f46e4038000 rw-p 00003000 fc:00 3150833                    /lib/x86_64-linux-gnu/libdl-2.23.so
7f46e4038000-7f46e404d000 r-xp 00000000 fc:00 2365818                    /usr/lib/jvm/java-8-oracle/lib/amd64/jli/libjli.so
7f46e404d000-7f46e424d000 ---p 00015000 fc:00 2365818                    /usr/lib/jvm/java-8-oracle/lib/amd64/jli/libjli.so
7f46e424d000-7f46e424e000 rw-p 00015000 fc:00 2365818                    /usr/lib/jvm/java-8-oracle/lib/amd64/jli/libjli.so
7f46e424e000-7f46e4266000 r-xp 00000000 fc:00 3150216                    /lib/x86_64-linux-gnu/libpthread-2.23.so
7f46e4266000-7f46e4465000 ---p 00018000 fc:00 3150216                    /lib/x86_64-linux-gnu/libpthread-2.23.so
7f46e4465000-7f46e4466000 r--p 00017000 fc:00 3150216                    /lib/x86_64-linux-gnu/libpthread-2.23.so
7f46e4466000-7f46e4467000 rw-p 00018000 fc:00 3150216                    /lib/x86_64-linux-gnu/libpthread-2.23.so
7f46e4467000-7f46e446b000 rw-p 00000000 00:00 0 
7f46e446b000-7f46e4491000 r-xp 00000000 fc:00 3145822                    /lib/x86_64-linux-gnu/ld-2.23.so
7f46e449a000-7f46e449b000 r--p 00000000 fc:00 2244494                    /usr/share/locale-langpack/en_GB/LC_MESSAGES/libc.mo
7f46e449b000-7f46e449e000 r--s 0001a000 fc:00 2366655                    /usr/lib/jvm/java-8-oracle/jre/lib/jce.jar
7f46e449e000-7f46e44a2000 r--s 00097000 fc:00 2366627                    /usr/lib/jvm/java-8-oracle/jre/lib/jsse.jar
7f46e44a2000-7f46e456c000 rw-p 00000000 00:00 0 
7f46e456c000-7f46e456f000 ---p 00000000 00:00 0 
7f46e456f000-7f46e4671000 rw-p 00000000 00:00 0 
7f46e4671000-7f46e4673000 r--s 00009000 fc:00 2495428                    /usr/lib/jvm/java-8-oracle/jre/lib/ext/sunec.jar
7f46e4673000-7f46e4677000 r--s 0004b000 fc:00 13107790                   /home/jan/janunit/jackson-core-2.9.2.jar
7f46e4677000-7f46e467a000 r--s 0000e000 fc:00 13108706                   /home/jan/janunit/jackson-annotations-2.9.2.jar
7f46e467a000-7f46e467c000 r--s 0000c000 fc:00 13633241                   /home/jan/.p2/pool/plugins/org.hamcrest.core_1.3.0.v201303031735.jar
7f46e467c000-7f46e4684000 r--s 00045000 fc:00 13633966                   /home/jan/.p2/pool/plugins/org.junit_4.12.0.v201504281640/junit.jar
7f46e4684000-7f46e468c000 rw-s 00000000 fc:00 4457143                    /tmp/hsperfdata_jan/30416
7f46e468c000-7f46e468d000 rw-p 00000000 00:00 0 
7f46e468d000-7f46e468e000 ---p 00000000 00:00 0 
7f46e468e000-7f46e4690000 rw-p 00000000 00:00 0 
7f46e4690000-7f46e4691000 r--p 00025000 fc:00 3145822                    /lib/x86_64-linux-gnu/ld-2.23.so
7f46e4691000-7f46e4692000 rw-p 00026000 fc:00 3145822                    /lib/x86_64-linux-gnu/ld-2.23.so
7f46e4692000-7f46e4693000 rw-p 00000000 00:00 0 
7ffd4d0c3000-7ffd4d0e5000 rw-p 00000000 00:00 0                          [stack]
7ffd4d1a5000-7ffd4d1a7000 r--p 00000000 00:00 0                          [vvar]
7ffd4d1a7000-7ffd4d1a9000 r-xp 00000000 00:00 0                          [vdso]
ffffffffff600000-ffffffffff601000 r-xp 00000000 00:00 0                  [vsyscall]

VM Arguments:
jvm_args: -ea -Dfile.encoding=UTF-8 
java_command: org.eclipse.jdt.internal.junit.runner.RemoteTestRunner -version 3 -port 33715 -testLoaderClass org.eclipse.jdt.internal.junit4.runner.JUnit4TestLoader -loaderpluginname org.eclipse.jdt.junit4.runtime -classNames janunit.JWDFFTestFlow
java_class_path (initial): /home/jan/workspace/JanUnit/bin:/home/jan/.p2/pool/plugins/org.junit_4.12.0.v201504281640/junit.jar:/home/jan/.p2/pool/plugins/org.hamcrest.core_1.3.0.v201303031735.jar:/home/jan/janunit/jackson-annotations-2.9.2.jar:/home/jan/janunit/jackson-core-2.9.2.jar:/home/jan/janunit/jackson-databind-2.9.2.jar:/home/jan/janunit/selenium-server-standalone-3.6.0.jar:/home/jan/eclipse/java-neon/eclipse/configuration/org.eclipse.osgi/212/0/.cp/:/home/jan/eclipse/java-neon/eclipse/configuration/org.eclipse.osgi/211/0/.cp/
Launcher Type: SUN_STANDARD

Environment Variables:
JAVA_HOME=/usr/lib/jvm/java-8-oracle
PATH=/usr/local/sbin:/usr/local/bin:/usr/sbin:/usr/bin:/sbin:/bin:/usr/games:/usr/local/games:/snap/bin:/usr/lib/jvm/java-8-oracle/bin:/usr/lib/jvm/java-8-oracle/db/bin:/usr/lib/jvm/java-8-oracle/jre/bin
SHELL=/bin/bash
DISPLAY=:0

Signal Handlers:
SIGSEGV: [libjvm.so+0xac64b0], sa_mask[0]=11111111011111111101111111111110, sa_flags=SA_RESTART|SA_SIGINFO
SIGBUS: [libjvm.so+0xac64b0], sa_mask[0]=11111111011111111101111111111110, sa_flags=SA_RESTART|SA_SIGINFO
SIGFPE: [libjvm.so+0x91f950], sa_mask[0]=11111111011111111101111111111110, sa_flags=SA_RESTART|SA_SIGINFO
SIGPIPE: [libjvm.so+0x91f950], sa_mask[0]=11111111011111111101111111111110, sa_flags=SA_RESTART|SA_SIGINFO
SIGXFSZ: [libjvm.so+0x91f950], sa_mask[0]=11111111011111111101111111111110, sa_flags=SA_RESTART|SA_SIGINFO
SIGILL: [libjvm.so+0x91f950], sa_mask[0]=11111111011111111101111111111110, sa_flags=SA_RESTART|SA_SIGINFO
SIGUSR1: SIG_DFL, sa_mask[0]=00000000000000000000000000000000, sa_flags=none
SIGUSR2: [libjvm.so+0x920f80], sa_mask[0]=00100000000000000000000000000000, sa_flags=SA_RESTART|SA_SIGINFO
SIGHUP: [libjvm.so+0x922380], sa_mask[0]=11111111011111111101111111111110, sa_flags=SA_RESTART|SA_SIGINFO
SIGINT: [libjvm.so+0x922380], sa_mask[0]=11111111011111111101111111111110, sa_flags=SA_RESTART|SA_SIGINFO
SIGTERM: [libjvm.so+0x922380], sa_mask[0]=11111111011111111101111111111110, sa_flags=SA_RESTART|SA_SIGINFO
SIGQUIT: [libjvm.so+0x922380], sa_mask[0]=11111111011111111101111111111110, sa_flags=SA_RESTART|SA_SIGINFO


---------------  S Y S T E M  ---------------

OS:DISTRIB_ID=Ubuntu
DISTRIB_RELEASE=16.04
DISTRIB_CODENAME=xenial
DISTRIB_DESCRIPTION="Ubuntu 16.04.2 LTS"

uname:Linux 4.4.0-83-generic #106-Ubuntu SMP Mon Jun 26 17:54:43 UTC 2017 x86_64
libc:glibc 2.23 NPTL 2.23 
rlimit: STACK 8192k, CORE 0k, NPROC 30571, NOFILE 65536, AS infinity
load average:2.21 1.48 1.22

/proc/meminfo:
MemTotal:        7867988 kB
MemFree:          110036 kB
MemAvailable:      35196 kB
Buffers:            4836 kB
Cached:           444176 kB
SwapCached:         2572 kB
Active:          6123528 kB
Inactive:        1235436 kB
Active(anon):    6081868 kB
Inactive(anon):  1202676 kB
Active(file):      41660 kB
Inactive(file):    32760 kB
Unevictable:         952 kB
Mlocked:             952 kB
SwapTotal:       8073212 kB
SwapFree:              0 kB
Dirty:                24 kB
Writeback:             0 kB
AnonPages:       6911420 kB
Mapped:           167892 kB
Shmem:            373596 kB
Slab:             128216 kB
SReclaimable:      47672 kB
SUnreclaim:        80544 kB
KernelStack:       35552 kB
PageTables:       132692 kB
NFS_Unstable:          0 kB
Bounce:                0 kB
WritebackTmp:          0 kB
CommitLimit:    12007204 kB
Committed_AS:   24250760 kB
VmallocTotal:   34359738367 kB
VmallocUsed:           0 kB
VmallocChunk:          0 kB
HardwareCorrupted:     0 kB
AnonHugePages:   1165312 kB
CmaTotal:              0 kB
CmaFree:               0 kB
HugePages_Total:       0
HugePages_Free:        0
HugePages_Rsvd:        0
HugePages_Surp:        0
Hugepagesize:       2048 kB
DirectMap4k:      369272 kB
DirectMap2M:     7708672 kB
DirectMap1G:           0 kB


CPU:total 4 (2 cores per cpu, 2 threads per core) family 6 model 61 stepping 4, cmov, cx8, fxsr, mmx, sse, sse2, sse3, ssse3, sse4.1, sse4.2, popcnt, avx, avx2, aes, clmul, erms, rtm, 3dnowpref, lzcnt, ht, tsc, tscinvbit, bmi1, bmi2, adx

/proc/cpuinfo:
processor	: 0
vendor_id	: GenuineIntel
cpu family	: 6
model		: 61
model name	: Intel(R) Core(TM) i5-5300U CPU @ 2.30GHz
stepping	: 4
microcode	: 0x22
cpu MHz		: 2699.984
cache size	: 3072 KB
physical id	: 0
siblings	: 4
core id		: 0
cpu cores	: 2
apicid		: 0
initial apicid	: 0
fpu		: yes
fpu_exception	: yes
cpuid level	: 20
wp		: yes
flags		: fpu vme de pse tsc msr pae mce cx8 apic sep mtrr pge mca cmov pat pse36 clflush dts acpi mmx fxsr sse sse2 ss ht tm pbe syscall nx pdpe1gb rdtscp lm constant_tsc arch_perfmon pebs bts rep_good nopl xtopology nonstop_tsc aperfmperf eagerfpu pni pclmulqdq dtes64 monitor ds_cpl vmx smx est tm2 ssse3 sdbg fma cx16 xtpr pdcm pcid sse4_1 sse4_2 x2apic movbe popcnt tsc_deadline_timer aes xsave avx f16c rdrand lahf_lm abm 3dnowprefetch epb intel_pt tpr_shadow vnmi flexpriority ept vpid fsgsbase tsc_adjust bmi1 hle avx2 smep bmi2 erms invpcid rtm rdseed adx smap xsaveopt dtherm ida arat pln pts
bugs		:
bogomips	: 4589.37
clflush size	: 64
cache_alignment	: 64
address sizes	: 39 bits physical, 48 bits virtual
power management:

processor	: 1
vendor_id	: GenuineIntel
cpu family	: 6
model		: 61
model name	: Intel(R) Core(TM) i5-5300U CPU @ 2.30GHz
stepping	: 4
microcode	: 0x22
cpu MHz		: 2685.609
cache size	: 3072 KB
physical id	: 0
siblings	: 4
core id		: 0
cpu cores	: 2
apicid		: 1
initial apicid	: 1
fpu		: yes
fpu_exception	: yes
cpuid level	: 20
wp		: yes
flags		: fpu vme de pse tsc msr pae mce cx8 apic sep mtrr pge mca cmov pat pse36 clflush dts acpi mmx fxsr sse sse2 ss ht tm pbe syscall nx pdpe1gb rdtscp lm constant_tsc arch_perfmon pebs bts rep_good nopl xtopology nonstop_tsc aperfmperf eagerfpu pni pclmulqdq dtes64 monitor ds_cpl vmx smx est tm2 ssse3 sdbg fma cx16 xtpr pdcm pcid sse4_1 sse4_2 x2apic movbe popcnt tsc_deadline_timer aes xsave avx f16c rdrand lahf_lm abm 3dnowprefetch epb intel_pt tpr_shadow vnmi flexpriority ept vpid fsgsbase tsc_adjust bmi1 hle avx2 smep bmi2 erms invpcid rtm rdseed adx smap xsaveopt dtherm ida arat pln pts
bugs		:
bogomips	: 4589.37
clflush size	: 64
cache_alignment	: 64
address sizes	: 39 bits physical, 48 bits virtual
power management:

processor	: 2
vendor_id	: GenuineIntel
cpu family	: 6
model		: 61
model name	: Intel(R) Core(TM) i5-5300U CPU @ 2.30GHz
stepping	: 4
microcode	: 0x22
cpu MHz		: 2685.789
cache size	: 3072 KB
physical id	: 0
siblings	: 4
core id		: 1
cpu cores	: 2
apicid		: 2
initial apicid	: 2
fpu		: yes
fpu_exception	: yes
cpuid level	: 20
wp		: yes
flags		: fpu vme de pse tsc msr pae mce cx8 apic sep mtrr pge mca cmov pat pse36 clflush dts acpi mmx fxsr sse sse2 ss ht tm pbe syscall nx pdpe1gb rdtscp lm constant_tsc arch_perfmon pebs bts rep_good nopl xtopology nonstop_tsc aperfmperf eagerfpu pni pclmulqdq dtes64 monitor ds_cpl vmx smx est tm2 ssse3 sdbg fma cx16 xtpr pdcm pcid sse4_1 sse4_2 x2apic movbe popcnt tsc_deadline_timer aes xsave avx f16c rdrand lahf_lm abm 3dnowprefetch epb intel_pt tpr_shadow vnmi flexpriority ept vpid fsgsbase tsc_adjust bmi1 hle avx2 smep bmi2 erms invpcid rtm rdseed adx smap xsaveopt dtherm ida arat pln pts
bugs		:
bogomips	: 4589.37
clflush size	: 64
cache_alignment	: 64
address sizes	: 39 bits physical, 48 bits virtual
power management:

processor	: 3
vendor_id	: GenuineIntel
cpu family	: 6
model		: 61
model name	: Intel(R) Core(TM) i5-5300U CPU @ 2.30GHz
stepping	: 4
microcode	: 0x22
cpu MHz		: 2690.460
cache size	: 3072 KB
physical id	: 0
siblings	: 4
core id		: 1
cpu cores	: 2
apicid		: 3
initial apicid	: 3
fpu		: yes
fpu_exception	: yes
cpuid level	: 20
wp		: yes
flags		: fpu vme de pse tsc msr pae mce cx8 apic sep mtrr pge mca cmov pat pse36 clflush dts acpi mmx fxsr sse sse2 ss ht tm pbe syscall nx pdpe1gb rdtscp lm constant_tsc arch_perfmon pebs bts rep_good nopl xtopology nonstop_tsc aperfmperf eagerfpu pni pclmulqdq dtes64 monitor ds_cpl vmx smx est tm2 ssse3 sdbg fma cx16 xtpr pdcm pcid sse4_1 sse4_2 x2apic movbe popcnt tsc_deadline_timer aes xsave avx f16c rdrand lahf_lm abm 3dnowprefetch epb intel_pt tpr_shadow vnmi flexpriority ept vpid fsgsbase tsc_adjust bmi1 hle avx2 smep bmi2 erms invpcid rtm rdseed adx smap xsaveopt dtherm ida arat pln pts
bugs		:
bogomips	: 4589.37
clflush size	: 64
cache_alignment	: 64
address sizes	: 39 bits physical, 48 bits virtual
power management:



Memory: 4k page, physical 7867988k(110036k free), swap 8073212k(0k free)

vm_info: Java HotSpot(TM) 64-Bit Server VM (25.111-b14) for linux-amd64 JRE (1.8.0_111-b14), built on Sep 22 2016 16:14:03 by "java_re" with gcc 4.3.0 20080428 (Red Hat 4.3.0-8)

time: Wed Nov 22 10:07:28 2017
elapsed time: 66 seconds (0d 0h 1m 6s)

